<?xml version="1.0" encoding="UTF-8"?>
<testng-results ignored="0" total="1" passed="1" failed="0" skipped="0">
  <reporter-output>
  </reporter-output>
  <suite started-at="2025-05-20T22:20:04 IST" name="Default suite" finished-at="2025-05-20T22:20:56 IST" duration-ms="51889">
    <groups>
    </groups>
    <test started-at="2025-05-20T22:20:04 IST" name="Default test" finished-at="2025-05-20T22:20:56 IST" duration-ms="51889">
      <class name="android.keyevents.AutomateKeyboardEvents">
        <test-method signature="testKeyPressEvent()[pri:0, instance:android.keyevents.AutomateKeyboardEvents@40cb698e]" started-at="2025-05-20T22:20:05 IST" name="testKeyPressEvent" finished-at="2025-05-20T22:20:56 IST" duration-ms="51779" status="PASS">
          <reporter-output>
          </reporter-output>
        </test-method> <!-- testKeyPressEvent -->
      </class> <!-- android.keyevents.AutomateKeyboardEvents -->
    </test> <!-- Default test -->
  </suite> <!-- Default suite -->
</testng-results>
