<?xml version="1.0" encoding="UTF-8"?>
<testng-results ignored="0" total="1" passed="1" failed="0" skipped="0">
  <reporter-output>
  </reporter-output>
  <suite started-at="2025-05-21T22:29:00 IST" name="Suite" finished-at="2025-05-21T22:29:16 IST" duration-ms="16069">
    <groups>
    </groups>
    <test started-at="2025-05-21T22:29:00 IST" name="Test" finished-at="2025-05-21T22:29:16 IST" duration-ms="16069">
      <class name="assignments.Question1">
        <test-method signature="getSessionID()[pri:0, instance:assignments.Question1@3bb9efbc]" started-at="2025-05-21T22:29:00 IST" name="getSessionID" finished-at="2025-05-21T22:29:16 IST" duration-ms="15915" status="PASS">
          <reporter-output>
          </reporter-output>
        </test-method> <!-- getSessionID -->
      </class> <!-- assignments.Question1 -->
    </test> <!-- Test -->
  </suite> <!-- Suite -->
</testng-results>
