<?xml version="1.0" encoding="UTF-8"?>
<testng-results ignored="0" total="1" passed="1" failed="0" skipped="0">
  <reporter-output>
  </reporter-output>
  <suite started-at="2025-05-20T19:37:57 IST" name="Default suite" finished-at="2025-05-20T19:38:23 IST" duration-ms="25345">
    <groups>
    </groups>
    <test started-at="2025-05-20T19:37:57 IST" name="Default test" finished-at="2025-05-20T19:38:23 IST" duration-ms="25345">
      <class name="android.deviceLockUnlock.TestDeviceLock_Unlock_Rotate">
        <test-method signature="deviceLockUnlock()[pri:0, instance:android.deviceLockUnlock.TestDeviceLock_Unlock_Rotate@45e37a7e]" started-at="2025-05-20T19:37:57 IST" name="deviceLockUnlock" finished-at="2025-05-20T19:38:23 IST" duration-ms="25276" status="PASS">
          <reporter-output>
          </reporter-output>
        </test-method> <!-- deviceLockUnlock -->
      </class> <!-- android.deviceLockUnlock.TestDeviceLock_Unlock_Rotate -->
    </test> <!-- Default test -->
  </suite> <!-- Default suite -->
</testng-results>
